\BOOKMARK [1][-]{section.1}{\376\377\000i\000n\000l\000i\000n\000e\000\040\000m\000a\000n\000i\000p\000u\000l\000a\000t\000i\000o\000n}{}% 1
\BOOKMARK [1][-]{section.2}{\376\377\000I\000t\000e\000m\000i\000z\000e\000\040\000a\000n\000d\000\040\000E\000n\000u\000m\000e\000r\000a\000t\000e}{}% 2
\BOOKMARK [2][-]{subsection.2.1}{\376\377\000N\000o\000r\000m\000a\000l\000\040\000I\000t\000e\000m\000i\000z\000e}{section.2}% 3
\BOOKMARK [2][-]{subsection.2.2}{\376\377\000U\000s\000i\000n\000g\000\040\000s\000p\000e\000c\000i\000a\000l\000\040\000s\000y\000m\000b\000o\000l\000\040\000f\000o\000r\000\040\000i\000t\000e\000m\000\040\000l\000a\000b\000e\000l}{section.2}% 4
\BOOKMARK [2][-]{subsection.2.3}{\376\377\000N\000u\000m\000b\000e\000r\000\040\000t\000y\000p\000e\000\040\000I\000t\000e\000m\000i\000z\000e}{section.2}% 5
\BOOKMARK [2][-]{subsection.2.4}{\376\377\000R\000o\000m\000a\000n\000\040\000n\000u\000m\000b\000e\000r\000e\000d\000\040\000t\000y\000p\000e\000\040\000i\000t\000e\000m\000i\000z\000e\000\050\000L\000o\000w\000e\000r\000c\000a\000s\000e\000\051}{section.2}% 6
\BOOKMARK [2][-]{subsection.2.5}{\376\377\000R\000o\000m\000a\000n\000\040\000N\000u\000m\000b\000e\000r\000e\000d\000\040\000t\000y\000p\000e\000\040\000i\000t\000e\000m\000i\000z\000e\000\050\000u\000p\000p\000e\000r\000c\000a\000s\000e\000\051}{section.2}% 7
\BOOKMARK [2][-]{subsection.2.6}{\376\377\000r\000e\000d\000u\000c\000i\000n\000g\000\040\000s\000p\000a\000c\000e\000\040\000b\000e\000t\000w\000e\000e\000n\000\040\000i\000t\000e\000m\000s}{section.2}% 8
\BOOKMARK [2][-]{subsection.2.7}{\376\377\000r\000e\000d\000u\000c\000i\000n\000g\000\040\000s\000p\000a\000c\000e\000\040\000a\000n\000d\000\040\000p\000r\000o\000v\000i\000d\000e\000\040\000s\000p\000e\000c\000i\000a\000l\000\040\000i\000t\000e\000m\000\040\000l\000a\000b\000e\000l}{section.2}% 9
\BOOKMARK [2][-]{subsection.2.8}{\376\377\000R\000e\000d\000u\000c\000i\000n\000g\000\040\000s\000p\000a\000c\000e\000\040\000a\000n\000d\000\040\000p\000r\000o\000v\000i\000d\000e\000\040\000R\000o\000m\000a\000n\000i\000z\000e\000d\000\040\000I\000t\000e\000m\000\040\000L\000a\000b\000e\000l}{section.2}% 10
\BOOKMARK [2][-]{subsection.2.9}{\376\377\000r\000e\000d\000u\000c\000i\000n\000g\000\040\000s\000p\000a\000c\000e\000\040\000a\000n\000d\000\040\000p\000r\000o\000v\000i\000d\000e\000\040\000n\000u\000m\000e\000r\000i\000c\000\040\000i\000t\000e\000m\000\040\000l\000a\000b\000e\000l}{section.2}% 11
\BOOKMARK [2][-]{subsection.2.10}{\376\377\000A\000l\000p\000h\000a}{section.2}% 12
\BOOKMARK [1][-]{section.3}{\376\377\000M\000a\000t\000h\000e\000m\000a\000t\000i\000c\000a\000l\000\040\000E\000q\000u\000a\000t\000i\000o\000n\000\040\000a\000n\000d\000\040\000E\000x\000p\000r\000e\000s\000s\000i\000o\000n}{}% 13
\BOOKMARK [1][-]{section.4}{\376\377\000T\000a\000b\000l\000e}{}% 14
\BOOKMARK [2][-]{subsection.4.1}{\376\377\000N\000o\000r\000m\000a\000l\000\040\000t\000a\000b\000l\000e}{section.4}% 15
\BOOKMARK [2][-]{subsection.4.2}{\376\377\000N\000o\000r\000m\000a\000l\000\040\000t\000a\000b\000l\000e\000\040\000T\000w\000o}{section.4}% 16
\BOOKMARK [2][-]{subsection.4.3}{\376\377\000T\000a\000b\000l\000e\000\040\000u\000s\000i\000n\000g\000\040\000B\000o\000o\000k\000T\000a\000b}{section.4}% 17
\BOOKMARK [2][-]{subsection.4.4}{\376\377\000T\000a\000b\000l\000e\000\040\000u\000s\000i\000n\000g\000\040\000m\000u\000l\000t\000i\000r\000o\000w\000:}{section.4}% 18
\BOOKMARK [1][-]{section.5}{\376\377\000F\000i\000g\000u\000r\000e\000\040\000I\000n\000c\000l\000u\000s\000i\000o\000n}{}% 19
\BOOKMARK [2][-]{subsection.5.1}{\376\377\000i\000n\000c\000l\000u\000d\000i\000n\000g\000\040\0002\000\040\000p\000i\000c\000t\000u\000r\000e\000s\000\040\000i\000n\000\040\000a\000\040\000r\000o\000w}{section.5}% 20
\BOOKMARK [1][-]{section.6}{\376\377\000A\000l\000g\000o\000r\000i\000t\000h\000m}{}% 21
\BOOKMARK [1][-]{section.7}{\376\377\000F\000o\000o\000t\000n\000o\000t\000e\000\040\000a\000n\000d\000\040\000r\000e\000f\000e\000r\000e\000n\000c\000e\000\040}{}% 22
